05-1919:47:15 Starting tokenization...
05-1919:47:15 In tokenize_time...
05-1919:47:15 In read_json_directory...
05-1919:47:15 Building paths...
05-1919:48:40 Starting tokenization...
05-1919:48:40 In tokenize_time...
05-1919:48:40 In read_json_directory...
05-1919:48:40 Building paths...
05-1919:48:40 Starting the pooling...
05-1919:48:40 In read_article_json...
05-1919:48:40 Reading the ../../data/wikipedia//featured-articles\featured-articles_000.jsonl file...
05-1919:48:40 Reading the ../../data/wikipedia//featured-articles\featured-articles_001.jsonl file...
05-1919:48:40 Reading the ../../data/wikipedia//featured-articles\featured-articles_002.jsonl file...
05-1919:48:40 Reading the ../../data/wikipedia//featured-articles\featured-articles_003.jsonl file...
05-1919:48:40 Reading the ../../data/wikipedia//featured-articles\featured-articles_004.jsonl file...
05-1919:48:40 Reading the ../../data/wikipedia//featured-articles\featured-articles_005.jsonl file...
05-1919:48:40 Reading the ../../data/wikipedia//featured-articles\featured-articles_006.jsonl file...
05-1919:48:41 Reading the ../../data/wikipedia//featured-articles\featured-articles_007.jsonl file...
05-1919:48:41 Reading the ../../data/wikipedia//featured-articles\featured-articles_008.jsonl file...
05-1919:48:41 Reading the ../../data/wikipedia//featured-articles\featured-articles_009.jsonl file...
05-1919:48:41 Reading the ../../data/wikipedia//featured-articles\featured-articles_010.jsonl file...
05-1919:48:41 Reading the ../../data/wikipedia//featured-articles\featured-articles_011.jsonl file...
05-1919:48:41 Reading the ../../data/wikipedia//featured-articles\featured-articles_012.jsonl file...
05-1919:48:41 Reading the ../../data/wikipedia//featured-articles\featured-articles_013.jsonl file...
05-1919:48:41 Reading the ../../data/wikipedia//featured-articles\featured-articles_014.jsonl file...
05-1919:48:41 Reading the ../../data/wikipedia//featured-articles\featured-articles_015.jsonl file...
05-1919:48:41 There are 16 dictionaries in the articles list.
05-1919:48:41 Finished building the article dictionary.
05-1919:48:41 Inside tokenize_documents...
05-1919:48:41 Inside strip_extras...
05-1919:48:41 Inside strip_extras...
05-1919:48:41 Inside strip_extras...
05-1919:48:41 Inside strip_extras...
05-1919:48:41 Inside strip_extras...
05-1919:48:41 Inside strip_extras...
05-1919:48:41 Inside strip_extras...
05-1919:48:41 Inside strip_extras...
05-1919:48:41 Inside strip_extras...
05-1919:48:41 Inside strip_extras...
05-1919:48:41 Inside strip_extras...
05-1919:48:41 Inside strip_extras...
05-1919:48:41 Inside strip_extras...
05-1919:48:41 Inside strip_extras...
05-1919:48:41 Inside strip_extras...
05-1919:48:41 Inside strip_extras...
05-1919:48:41 Inside final_clean...
05-1919:48:41 Inside final_clean...
05-1919:48:41 Inside final_clean...
05-1919:48:41 Inside final_clean...
05-1919:48:41 Inside final_clean...
05-1919:48:41 Inside final_clean...
05-1919:48:41 Inside final_clean...
05-1919:48:41 Inside final_clean...
05-1919:48:41 Inside final_clean...
05-1919:48:41 Inside final_clean...
05-1919:48:41 Inside final_clean...
05-1919:48:41 Inside final_clean...
05-1919:48:41 Inside final_clean...
05-1919:48:41 Inside final_clean...
05-1919:48:41 Inside final_clean...
05-1919:48:41 Inside final_clean...
05-1919:48:41 Inside tokenize_document (singlular)...
05-1919:48:41 Inside final_clean...
05-1919:48:41 Inside final_clean...
05-1919:48:41 Inside final_clean...
05-1919:48:41 Inside final_clean...
05-1919:48:41 Inside final_clean...
05-1919:48:41 Inside final_clean...
05-1919:48:41 Inside final_clean...
05-1919:48:41 Inside final_clean...
05-1919:48:41 Inside final_clean...
05-1919:48:41 Inside final_clean...
05-1919:48:41 Inside final_clean...
05-1919:48:41 Inside final_clean...
05-1919:48:41 Inside final_clean...
05-1919:48:41 Inside final_clean...
05-1919:48:41 Inside final_clean...
05-1919:48:41 Inside final_clean...
05-1919:48:41 There are 896 tokens in the article.
05-1919:48:41 In tokenize_time...
05-1919:48:41 In read_json_directory...
05-1919:48:41 Building paths...
05-1919:48:41 Starting the pooling...
05-1919:48:41 In read_article_json...
05-1919:48:41 Reading the ../../data/wikipedia//featured-articles\featured-articles_000.jsonl file...
05-1919:48:42 Reading the ../../data/wikipedia//featured-articles\featured-articles_001.jsonl file...
05-1919:48:42 Reading the ../../data/wikipedia//featured-articles\featured-articles_002.jsonl file...
05-1919:48:42 Reading the ../../data/wikipedia//featured-articles\featured-articles_003.jsonl file...
05-1919:48:42 Reading the ../../data/wikipedia//featured-articles\featured-articles_004.jsonl file...
05-1919:48:42 Reading the ../../data/wikipedia//featured-articles\featured-articles_005.jsonl file...
05-1919:48:42 Reading the ../../data/wikipedia//featured-articles\featured-articles_006.jsonl file...
05-1919:48:42 Reading the ../../data/wikipedia//featured-articles\featured-articles_007.jsonl file...
05-1919:48:42 Reading the ../../data/wikipedia//featured-articles\featured-articles_008.jsonl file...
05-1919:48:42 Reading the ../../data/wikipedia//featured-articles\featured-articles_009.jsonl file...
05-1919:48:43 Reading the ../../data/wikipedia//featured-articles\featured-articles_010.jsonl file...
05-1919:48:43 Reading the ../../data/wikipedia//featured-articles\featured-articles_011.jsonl file...
05-1919:48:43 Reading the ../../data/wikipedia//featured-articles\featured-articles_012.jsonl file...
05-1919:48:43 Reading the ../../data/wikipedia//featured-articles\featured-articles_013.jsonl file...
05-1919:48:43 Reading the ../../data/wikipedia//featured-articles\featured-articles_014.jsonl file...
05-1919:48:43 Reading the ../../data/wikipedia//featured-articles\featured-articles_015.jsonl file...
05-1919:48:43 There are 16 dictionaries in the articles list.
05-1919:48:43 Finished building the article dictionary.
05-1919:48:43 Inside tokenize_documents...
05-1919:48:43 Inside strip_extras...
05-1919:48:43 Inside strip_extras...
05-1919:48:43 Inside strip_extras...
05-1919:48:43 Inside strip_extras...
05-1919:48:43 Inside strip_extras...
05-1919:48:43 Inside strip_extras...
05-1919:48:43 Inside strip_extras...
05-1919:48:43 Inside strip_extras...
05-1919:48:43 Inside strip_extras...
05-1919:48:43 Inside strip_extras...
05-1919:48:43 Inside strip_extras...
05-1919:48:43 Inside strip_extras...
05-1919:48:43 Inside strip_extras...
05-1919:48:43 Inside strip_extras...
05-1919:48:43 Inside strip_extras...
05-1919:48:43 Inside strip_extras...
05-1919:48:43 Inside final_clean...
05-1919:48:43 Inside final_clean...
05-1919:48:43 Inside final_clean...
05-1919:48:43 Inside final_clean...
05-1919:48:43 Inside final_clean...
05-1919:48:43 Inside final_clean...
05-1919:48:43 Inside final_clean...
05-1919:48:43 Inside final_clean...
05-1919:48:43 Inside final_clean...
05-1919:48:43 Inside final_clean...
05-1919:48:43 Inside final_clean...
05-1919:48:43 Inside final_clean...
05-1919:48:43 Inside final_clean...
05-1919:48:43 Inside final_clean...
05-1919:48:43 Inside final_clean...
05-1919:48:43 Inside final_clean...
05-1919:48:43 Inside tokenize_document (singlular)...
05-1919:48:43 Inside final_clean...
05-1919:48:43 Inside final_clean...
05-1919:48:43 Inside final_clean...
05-1919:48:43 Inside final_clean...
05-1919:48:43 Inside final_clean...
05-1919:48:43 Inside final_clean...
05-1919:48:43 Inside final_clean...
05-1919:48:43 Inside final_clean...
05-1919:48:43 Inside final_clean...
05-1919:48:43 Inside final_clean...
05-1919:48:43 Inside final_clean...
05-1919:48:43 Inside final_clean...
05-1919:48:43 Inside final_clean...
05-1919:48:43 Inside final_clean...
05-1919:48:43 Inside final_clean...
05-1919:48:43 Inside final_clean...
05-1919:48:43 There are 896 tokens in the article.
05-1919:48:43 In tokenize_time...
05-1919:48:43 In read_json_directory...
05-1919:48:43 Building paths...
05-1919:48:43 Starting the pooling...
05-1919:48:43 In read_article_json...
05-1919:48:43 Reading the ../../data/wikipedia//featured-articles\featured-articles_000.jsonl file...
05-1919:48:43 Reading the ../../data/wikipedia//featured-articles\featured-articles_001.jsonl file...
05-1919:48:43 Reading the ../../data/wikipedia//featured-articles\featured-articles_002.jsonl file...
05-1919:48:44 Reading the ../../data/wikipedia//featured-articles\featured-articles_003.jsonl file...
05-1919:48:44 Reading the ../../data/wikipedia//featured-articles\featured-articles_004.jsonl file...
05-1919:48:44 Reading the ../../data/wikipedia//featured-articles\featured-articles_005.jsonl file...
05-1919:48:44 Reading the ../../data/wikipedia//featured-articles\featured-articles_006.jsonl file...
05-1919:48:44 Reading the ../../data/wikipedia//featured-articles\featured-articles_007.jsonl file...
05-1919:48:44 Reading the ../../data/wikipedia//featured-articles\featured-articles_008.jsonl file...
05-1919:48:44 Reading the ../../data/wikipedia//featured-articles\featured-articles_009.jsonl file...
05-1919:48:44 Reading the ../../data/wikipedia//featured-articles\featured-articles_010.jsonl file...
05-1919:48:44 Reading the ../../data/wikipedia//featured-articles\featured-articles_011.jsonl file...
05-1919:48:45 Reading the ../../data/wikipedia//featured-articles\featured-articles_012.jsonl file...
05-1919:48:45 Reading the ../../data/wikipedia//featured-articles\featured-articles_013.jsonl file...
05-1919:48:45 Reading the ../../data/wikipedia//featured-articles\featured-articles_014.jsonl file...
05-1919:48:45 Reading the ../../data/wikipedia//featured-articles\featured-articles_015.jsonl file...
05-1919:48:45 There are 16 dictionaries in the articles list.
05-1919:48:45 Finished building the article dictionary.
05-1919:48:45 Inside tokenize_documents...
05-1919:48:45 Inside strip_extras...
05-1919:48:45 Inside strip_extras...
05-1919:48:45 Inside strip_extras...
05-1919:48:45 Inside strip_extras...
05-1919:48:45 Inside strip_extras...
05-1919:48:45 Inside strip_extras...
05-1919:48:45 Inside strip_extras...
05-1919:48:45 Inside strip_extras...
05-1919:48:45 Inside strip_extras...
05-1919:48:45 Inside strip_extras...
05-1919:48:45 Inside strip_extras...
05-1919:48:45 Inside strip_extras...
05-1919:48:45 Inside strip_extras...
05-1919:48:45 Inside strip_extras...
05-1919:48:45 Inside strip_extras...
05-1919:48:45 Inside strip_extras...
05-1919:48:45 Inside final_clean...
05-1919:48:45 Inside final_clean...
05-1919:48:45 Inside final_clean...
05-1919:48:45 Inside final_clean...
05-1919:48:45 Inside final_clean...
05-1919:48:45 Inside final_clean...
05-1919:48:45 Inside final_clean...
05-1919:48:45 Inside final_clean...
05-1919:48:45 Inside final_clean...
05-1919:48:45 Inside final_clean...
05-1919:48:45 Inside final_clean...
05-1919:48:45 Inside final_clean...
05-1919:48:45 Inside final_clean...
05-1919:48:45 Inside final_clean...
05-1919:48:45 Inside final_clean...
05-1919:48:45 Inside final_clean...
05-1919:48:45 Inside tokenize_document (singlular)...
05-1919:48:45 Inside final_clean...
05-1919:48:45 Inside final_clean...
05-1919:48:45 Inside final_clean...
05-1919:48:45 Inside final_clean...
05-1919:48:45 Inside final_clean...
05-1919:48:45 Inside final_clean...
05-1919:48:45 Inside final_clean...
05-1919:48:45 Inside final_clean...
05-1919:48:45 Inside final_clean...
05-1919:48:45 Inside final_clean...
05-1919:48:45 Inside final_clean...
05-1919:48:45 Inside final_clean...
05-1919:48:45 Inside final_clean...
05-1919:48:45 Inside final_clean...
05-1919:48:45 Inside final_clean...
05-1919:48:45 Inside final_clean...
05-1919:48:45 There are 896 tokens in the article.
05-1919:48:45 In tokenize_time...
05-1919:48:45 In read_json_directory...
05-1919:48:45 Building paths...
05-1919:48:45 Starting the pooling...
05-1919:48:45 In read_article_json...
05-1919:48:45 Reading the ../../data/wikipedia//featured-articles\featured-articles_000.jsonl file...
05-1919:48:45 Reading the ../../data/wikipedia//featured-articles\featured-articles_001.jsonl file...
05-1919:48:45 Reading the ../../data/wikipedia//featured-articles\featured-articles_002.jsonl file...
05-1919:48:45 Reading the ../../data/wikipedia//featured-articles\featured-articles_003.jsonl file...
05-1919:48:45 Reading the ../../data/wikipedia//featured-articles\featured-articles_004.jsonl file...
05-1919:48:46 Reading the ../../data/wikipedia//featured-articles\featured-articles_005.jsonl file...
05-1919:48:46 Reading the ../../data/wikipedia//featured-articles\featured-articles_006.jsonl file...
05-1919:48:46 Reading the ../../data/wikipedia//featured-articles\featured-articles_007.jsonl file...
05-1919:48:46 Reading the ../../data/wikipedia//featured-articles\featured-articles_008.jsonl file...
05-1919:48:46 Reading the ../../data/wikipedia//featured-articles\featured-articles_009.jsonl file...
05-1919:48:46 Reading the ../../data/wikipedia//featured-articles\featured-articles_010.jsonl file...
05-1919:48:46 Reading the ../../data/wikipedia//featured-articles\featured-articles_011.jsonl file...
05-1919:48:46 Reading the ../../data/wikipedia//featured-articles\featured-articles_012.jsonl file...
05-1919:48:46 Reading the ../../data/wikipedia//featured-articles\featured-articles_013.jsonl file...
05-1919:48:46 Reading the ../../data/wikipedia//featured-articles\featured-articles_014.jsonl file...
05-1919:48:47 Reading the ../../data/wikipedia//featured-articles\featured-articles_015.jsonl file...
05-1919:48:47 There are 16 dictionaries in the articles list.
05-1919:48:47 Finished building the article dictionary.
05-1919:48:47 Inside tokenize_documents...
05-1919:48:47 Inside strip_extras...
05-1919:48:47 Inside strip_extras...
05-1919:48:47 Inside strip_extras...
05-1919:48:47 Inside strip_extras...
05-1919:48:47 Inside strip_extras...
05-1919:48:47 Inside strip_extras...
05-1919:48:47 Inside strip_extras...
05-1919:48:47 Inside strip_extras...
05-1919:48:47 Inside strip_extras...
05-1919:48:47 Inside strip_extras...
05-1919:48:47 Inside strip_extras...
05-1919:48:47 Inside strip_extras...
05-1919:48:47 Inside strip_extras...
05-1919:48:47 Inside strip_extras...
05-1919:48:47 Inside strip_extras...
05-1919:48:47 Inside strip_extras...
05-1919:48:47 Inside final_clean...
05-1919:48:47 Inside final_clean...
05-1919:48:47 Inside final_clean...
05-1919:48:47 Inside final_clean...
05-1919:48:47 Inside final_clean...
05-1919:48:47 Inside final_clean...
05-1919:48:47 Inside final_clean...
05-1919:48:47 Inside final_clean...
05-1919:48:47 Inside final_clean...
05-1919:48:47 Inside final_clean...
05-1919:48:47 Inside final_clean...
05-1919:48:47 Inside final_clean...
05-1919:48:47 Inside final_clean...
05-1919:48:47 Inside final_clean...
05-1919:48:47 Inside final_clean...
05-1919:48:47 Inside final_clean...
05-1919:48:47 Inside tokenize_document (singlular)...
05-1919:48:47 Inside final_clean...
05-1919:48:47 Inside final_clean...
05-1919:48:47 Inside final_clean...
05-1919:48:47 Inside final_clean...
05-1919:48:47 Inside final_clean...
05-1919:48:47 Inside final_clean...
05-1919:48:47 Inside final_clean...
05-1919:48:47 Inside final_clean...
05-1919:48:47 Inside final_clean...
05-1919:48:47 Inside final_clean...
05-1919:48:47 Inside final_clean...
05-1919:48:47 Inside final_clean...
05-1919:48:47 Inside final_clean...
05-1919:48:47 Inside final_clean...
05-1919:48:47 Inside final_clean...
05-1919:48:47 Inside final_clean...
05-1919:48:47 There are 896 tokens in the article.
05-1919:48:47 In tokenize_time...
05-1919:48:47 In read_json_directory...
05-1919:48:47 Building paths...
05-1919:48:47 Starting the pooling...
05-1919:48:47 In read_article_json...
05-1919:48:47 Reading the ../../data/wikipedia//featured-articles\featured-articles_000.jsonl file...
05-1919:48:47 Reading the ../../data/wikipedia//featured-articles\featured-articles_001.jsonl file...
05-1919:48:47 Reading the ../../data/wikipedia//featured-articles\featured-articles_002.jsonl file...
05-1919:48:47 Reading the ../../data/wikipedia//featured-articles\featured-articles_003.jsonl file...
05-1919:48:47 Reading the ../../data/wikipedia//featured-articles\featured-articles_004.jsonl file...
05-1919:48:47 Reading the ../../data/wikipedia//featured-articles\featured-articles_005.jsonl file...
05-1919:48:47 Reading the ../../data/wikipedia//featured-articles\featured-articles_006.jsonl file...
05-1919:48:48 Reading the ../../data/wikipedia//featured-articles\featured-articles_007.jsonl file...
05-1919:48:48 Reading the ../../data/wikipedia//featured-articles\featured-articles_008.jsonl file...
05-1919:48:48 Reading the ../../data/wikipedia//featured-articles\featured-articles_009.jsonl file...
05-1919:48:48 Reading the ../../data/wikipedia//featured-articles\featured-articles_010.jsonl file...
05-1919:48:48 Reading the ../../data/wikipedia//featured-articles\featured-articles_011.jsonl file...
05-1919:48:48 Reading the ../../data/wikipedia//featured-articles\featured-articles_012.jsonl file...
05-1919:48:48 Reading the ../../data/wikipedia//featured-articles\featured-articles_013.jsonl file...
05-1919:48:48 Reading the ../../data/wikipedia//featured-articles\featured-articles_014.jsonl file...
05-1919:48:48 Reading the ../../data/wikipedia//featured-articles\featured-articles_015.jsonl file...
05-1919:48:48 There are 16 dictionaries in the articles list.
05-1919:48:48 Finished building the article dictionary.
05-1919:48:48 Inside tokenize_documents...
05-1919:48:48 Inside strip_extras...
05-1919:48:48 Inside strip_extras...
05-1919:48:48 Inside strip_extras...
05-1919:48:48 Inside strip_extras...
05-1919:48:48 Inside strip_extras...
05-1919:48:48 Inside strip_extras...
05-1919:48:48 Inside strip_extras...
05-1919:48:48 Inside strip_extras...
05-1919:48:48 Inside strip_extras...
05-1919:48:48 Inside strip_extras...
05-1919:48:48 Inside strip_extras...
05-1919:48:48 Inside strip_extras...
05-1919:48:48 Inside strip_extras...
05-1919:48:48 Inside strip_extras...
05-1919:48:48 Inside strip_extras...
05-1919:48:48 Inside strip_extras...
05-1919:48:48 Inside final_clean...
05-1919:48:48 Inside final_clean...
05-1919:48:48 Inside final_clean...
05-1919:48:48 Inside final_clean...
05-1919:48:48 Inside final_clean...
05-1919:48:48 Inside final_clean...
05-1919:48:48 Inside final_clean...
05-1919:48:48 Inside final_clean...
05-1919:48:48 Inside final_clean...
05-1919:48:48 Inside final_clean...
05-1919:48:48 Inside final_clean...
05-1919:48:48 Inside final_clean...
05-1919:48:48 Inside final_clean...
05-1919:48:48 Inside final_clean...
05-1919:48:48 Inside final_clean...
05-1919:48:48 Inside final_clean...
05-1919:48:48 Inside tokenize_document (singlular)...
05-1919:48:48 Inside final_clean...
05-1919:48:48 Inside final_clean...
05-1919:48:48 Inside final_clean...
05-1919:48:48 Inside final_clean...
05-1919:48:48 Inside final_clean...
05-1919:48:48 Inside final_clean...
05-1919:48:48 Inside final_clean...
05-1919:48:48 Inside final_clean...
05-1919:48:48 Inside final_clean...
05-1919:48:48 Inside final_clean...
05-1919:48:48 Inside final_clean...
05-1919:48:48 Inside final_clean...
05-1919:48:48 Inside final_clean...
05-1919:48:48 Inside final_clean...
05-1919:48:48 Inside final_clean...
05-1919:48:48 Inside final_clean...
05-1919:48:48 There are 896 tokens in the article.
