05-1919:42:48 Starting read_json_directory...
05-1919:42:48 In read_json_directory_time
05-1919:42:48 In read_json_directory...
05-1919:42:48 Building paths...
05-1919:42:48 Starting the pooling...
05-1919:42:48 In read_article_json...
05-1919:42:48 Reading the ../../data/wikipedia//featured-articles\featured-articles_000.jsonl file...
05-1919:42:48 Reading the ../../data/wikipedia//featured-articles\featured-articles_001.jsonl file...
05-1919:42:49 Reading the ../../data/wikipedia//featured-articles\featured-articles_002.jsonl file...
05-1919:42:49 Reading the ../../data/wikipedia//featured-articles\featured-articles_003.jsonl file...
05-1919:42:49 Reading the ../../data/wikipedia//featured-articles\featured-articles_004.jsonl file...
05-1919:42:49 Reading the ../../data/wikipedia//featured-articles\featured-articles_005.jsonl file...
05-1919:42:49 Reading the ../../data/wikipedia//featured-articles\featured-articles_006.jsonl file...
05-1919:42:49 Reading the ../../data/wikipedia//featured-articles\featured-articles_007.jsonl file...
05-1919:42:49 Reading the ../../data/wikipedia//featured-articles\featured-articles_008.jsonl file...
05-1919:42:49 Reading the ../../data/wikipedia//featured-articles\featured-articles_009.jsonl file...
05-1919:42:49 Reading the ../../data/wikipedia//featured-articles\featured-articles_010.jsonl file...
05-1919:42:50 Reading the ../../data/wikipedia//featured-articles\featured-articles_011.jsonl file...
05-1919:42:50 Reading the ../../data/wikipedia//featured-articles\featured-articles_012.jsonl file...
05-1919:42:50 Reading the ../../data/wikipedia//featured-articles\featured-articles_013.jsonl file...
05-1919:42:50 Reading the ../../data/wikipedia//featured-articles\featured-articles_014.jsonl file...
05-1919:42:50 Reading the ../../data/wikipedia//featured-articles\featured-articles_015.jsonl file...
05-1919:42:50 There are 16 dictionaries in the articles list.
05-1919:42:50 Finished building the article dictionary.
05-1919:42:50 In read_json_directory_time
05-1919:42:50 In read_json_directory...
05-1919:42:50 Building paths...
05-1919:42:50 Starting the pooling...
05-1919:42:50 In read_article_json...
05-1919:42:50 Reading the ../../data/wikipedia//featured-articles\featured-articles_000.jsonl file...
05-1919:42:50 Reading the ../../data/wikipedia//featured-articles\featured-articles_001.jsonl file...
05-1919:42:50 Reading the ../../data/wikipedia//featured-articles\featured-articles_002.jsonl file...
05-1919:42:51 Reading the ../../data/wikipedia//featured-articles\featured-articles_003.jsonl file...
05-1919:42:51 Reading the ../../data/wikipedia//featured-articles\featured-articles_004.jsonl file...
05-1919:42:51 Reading the ../../data/wikipedia//featured-articles\featured-articles_005.jsonl file...
05-1919:42:51 Reading the ../../data/wikipedia//featured-articles\featured-articles_006.jsonl file...
05-1919:42:51 Reading the ../../data/wikipedia//featured-articles\featured-articles_007.jsonl file...
05-1919:42:51 Reading the ../../data/wikipedia//featured-articles\featured-articles_008.jsonl file...
05-1919:42:51 Reading the ../../data/wikipedia//featured-articles\featured-articles_009.jsonl file...
05-1919:42:51 Reading the ../../data/wikipedia//featured-articles\featured-articles_010.jsonl file...
05-1919:42:51 Reading the ../../data/wikipedia//featured-articles\featured-articles_011.jsonl file...
05-1919:42:51 Reading the ../../data/wikipedia//featured-articles\featured-articles_012.jsonl file...
05-1919:42:51 Reading the ../../data/wikipedia//featured-articles\featured-articles_013.jsonl file...
05-1919:42:52 Reading the ../../data/wikipedia//featured-articles\featured-articles_014.jsonl file...
05-1919:42:52 Reading the ../../data/wikipedia//featured-articles\featured-articles_015.jsonl file...
05-1919:42:52 There are 16 dictionaries in the articles list.
05-1919:42:52 Finished building the article dictionary.
05-1919:42:52 In read_json_directory_time
05-1919:42:52 In read_json_directory...
05-1919:42:52 Building paths...
05-1919:42:52 Starting the pooling...
05-1919:42:52 In read_article_json...
05-1919:42:52 Reading the ../../data/wikipedia//featured-articles\featured-articles_000.jsonl file...
05-1919:42:52 Reading the ../../data/wikipedia//featured-articles\featured-articles_001.jsonl file...
05-1919:42:52 Reading the ../../data/wikipedia//featured-articles\featured-articles_002.jsonl file...
05-1919:42:52 Reading the ../../data/wikipedia//featured-articles\featured-articles_003.jsonl file...
05-1919:42:52 Reading the ../../data/wikipedia//featured-articles\featured-articles_004.jsonl file...
05-1919:42:52 Reading the ../../data/wikipedia//featured-articles\featured-articles_005.jsonl file...
05-1919:42:53 Reading the ../../data/wikipedia//featured-articles\featured-articles_006.jsonl file...
05-1919:42:53 Reading the ../../data/wikipedia//featured-articles\featured-articles_007.jsonl file...
05-1919:42:53 Reading the ../../data/wikipedia//featured-articles\featured-articles_008.jsonl file...
05-1919:42:53 Reading the ../../data/wikipedia//featured-articles\featured-articles_009.jsonl file...
05-1919:42:53 Reading the ../../data/wikipedia//featured-articles\featured-articles_010.jsonl file...
05-1919:42:53 Reading the ../../data/wikipedia//featured-articles\featured-articles_011.jsonl file...
05-1919:42:53 Reading the ../../data/wikipedia//featured-articles\featured-articles_012.jsonl file...
05-1919:42:53 Reading the ../../data/wikipedia//featured-articles\featured-articles_013.jsonl file...
05-1919:42:53 Reading the ../../data/wikipedia//featured-articles\featured-articles_014.jsonl file...
05-1919:42:53 Reading the ../../data/wikipedia//featured-articles\featured-articles_015.jsonl file...
05-1919:42:53 There are 16 dictionaries in the articles list.
05-1919:42:53 Finished building the article dictionary.
05-1919:42:53 In read_json_directory_time
05-1919:42:53 In read_json_directory...
05-1919:42:53 Building paths...
05-1919:42:53 Starting the pooling...
05-1919:42:53 In read_article_json...
05-1919:42:53 Reading the ../../data/wikipedia//featured-articles\featured-articles_000.jsonl file...
05-1919:42:54 Reading the ../../data/wikipedia//featured-articles\featured-articles_001.jsonl file...
05-1919:42:54 Reading the ../../data/wikipedia//featured-articles\featured-articles_002.jsonl file...
05-1919:42:54 Reading the ../../data/wikipedia//featured-articles\featured-articles_003.jsonl file...
05-1919:42:54 Reading the ../../data/wikipedia//featured-articles\featured-articles_004.jsonl file...
05-1919:42:54 Reading the ../../data/wikipedia//featured-articles\featured-articles_005.jsonl file...
05-1919:42:54 Reading the ../../data/wikipedia//featured-articles\featured-articles_006.jsonl file...
05-1919:42:54 Reading the ../../data/wikipedia//featured-articles\featured-articles_007.jsonl file...
05-1919:42:54 Reading the ../../data/wikipedia//featured-articles\featured-articles_008.jsonl file...
05-1919:42:55 Reading the ../../data/wikipedia//featured-articles\featured-articles_009.jsonl file...
05-1919:42:55 Reading the ../../data/wikipedia//featured-articles\featured-articles_010.jsonl file...
05-1919:42:55 Reading the ../../data/wikipedia//featured-articles\featured-articles_011.jsonl file...
05-1919:42:55 Reading the ../../data/wikipedia//featured-articles\featured-articles_012.jsonl file...
05-1919:42:55 Reading the ../../data/wikipedia//featured-articles\featured-articles_013.jsonl file...
05-1919:42:55 Reading the ../../data/wikipedia//featured-articles\featured-articles_014.jsonl file...
05-1919:42:55 Reading the ../../data/wikipedia//featured-articles\featured-articles_015.jsonl file...
05-1919:42:55 There are 16 dictionaries in the articles list.
05-1919:42:55 Finished building the article dictionary.
05-1919:42:55 In read_json_directory_time
05-1919:42:55 In read_json_directory...
05-1919:42:55 Building paths...
05-1919:42:55 Starting the pooling...
05-1919:42:55 In read_article_json...
05-1919:42:55 Reading the ../../data/wikipedia//featured-articles\featured-articles_000.jsonl file...
05-1919:42:55 Reading the ../../data/wikipedia//featured-articles\featured-articles_001.jsonl file...
05-1919:42:56 Reading the ../../data/wikipedia//featured-articles\featured-articles_002.jsonl file...
05-1919:42:56 Reading the ../../data/wikipedia//featured-articles\featured-articles_003.jsonl file...
05-1919:42:56 Reading the ../../data/wikipedia//featured-articles\featured-articles_004.jsonl file...
05-1919:42:56 Reading the ../../data/wikipedia//featured-articles\featured-articles_005.jsonl file...
05-1919:42:56 Reading the ../../data/wikipedia//featured-articles\featured-articles_006.jsonl file...
05-1919:42:56 Reading the ../../data/wikipedia//featured-articles\featured-articles_007.jsonl file...
05-1919:42:56 Reading the ../../data/wikipedia//featured-articles\featured-articles_008.jsonl file...
05-1919:42:56 Reading the ../../data/wikipedia//featured-articles\featured-articles_009.jsonl file...
05-1919:42:56 Reading the ../../data/wikipedia//featured-articles\featured-articles_010.jsonl file...
05-1919:42:56 Reading the ../../data/wikipedia//featured-articles\featured-articles_011.jsonl file...
05-1919:42:57 Reading the ../../data/wikipedia//featured-articles\featured-articles_012.jsonl file...
05-1919:42:57 Reading the ../../data/wikipedia//featured-articles\featured-articles_013.jsonl file...
05-1919:42:57 Reading the ../../data/wikipedia//featured-articles\featured-articles_014.jsonl file...
05-1919:42:57 Reading the ../../data/wikipedia//featured-articles\featured-articles_015.jsonl file...
05-1919:42:57 There are 16 dictionaries in the articles list.
05-1919:42:57 Finished building the article dictionary.
